<?xml version="1.0" encoding="UTF-8"?>
<!-- Generated by org.testng.reporters.JUnitXMLReporter -->
<testsuite ignored="0" hostname="DESKTOP-SDGPMUU" failures="1" tests="1" name="MyTest(failed)" time="0.05" errors="0" timestamp="2022-04-03T09:23:58 IST">
  <testcase classname="com.simplilearn.testngselenium.TestNg1" name="testTrue" time="0.016">
    <failure type="java.lang.AssertionError" message="expected [true] but found [false]">
      <![CDATA[java.lang.AssertionError: expected [true] but found [false]
at com.simplilearn.testngselenium.TestNg1.testTrue(TestNg1.java:11)
at java.base/java.util.ArrayList.forEach(ArrayList.java:1511)
... Removed 33 stack frames]]>
    </failure>
  </testcase> <!-- testTrue -->
</testsuite> <!-- MyTest(failed) -->
